Removed Pin From Net: NetName=GND* Pin=R1-2
Removed Pin From Net: NetName=NetC51_2 Pin=U10-3
Removed Pin From Net: NetName=GND* Pin=U10-4
Removed Pin From Net: NetName=NetC48_2 Pin=U10-5
Removed Pin From Net: NetName=NetC51_2 Pin=U10-6
Removed Pin From Net: NetName=5Vdc* Pin=U10-8
Removed Member From Class: ClassName=Power Member=R1
Removed Member From Class: ClassName=Power Member=U10
Change component parameters: Designator = "R38"; Footprint = "0603 - duplicate"; UniqueID = "\QYOFXRTR"
Change component parameters. Clean all parameters for all variants
Change component parameters (AddParameter): Name = "LatestRevisionDate"; Value = "17-Jul-2002"; VariantName = "[No Variations]"
Change component parameters (AddParameter): Name = "LatestRevisionNote"; Value = "Re-released for DXP Platform."; VariantName = "[No Variations]"
Change component parameters (AddParameter): Name = "PackageDescription"; Value = "Axial Device, Thru-Hole; 2 Leads; 0.4 in Pin Spacing"; VariantName = "[No Variations]"
Change component parameters (AddParameter): Name = "PackageReference"; Value = "AXIAL-0.4"; VariantName = "[No Variations]"
Change component parameters (AddParameter): Name = "Published"; Value = "8-Jun-2000"; VariantName = "[No Variations]"
Change component parameters (AddParameter): Name = "Publisher"; Value = "Altium Limited"; VariantName = "[No Variations]"
Change component parameters (AddParameter): Name = "Value"; Value = "1k"; VariantName = "[No Variations]"
Added Pin To Net: NetName=GND* Pin=R38-2
Added Pin To Net: NetName=NetIC3_1 Pin=R37-1
Added Pin To Net: NetName=NetIC3_1 Pin=U11-2
Added Net: Name=NetIC3_1
