Removed Pin From Net: NetName=5Vdc Pin=C17-2
Removed Pin From Net: NetName=5Vdc Pin=C27-2
Removed Pin From Net: NetName=NetC111_2 Pin=U3-97
Removed Pin From Net: NetName=NetC98_2 Pin=U3-98
Removed Pin From Net: NetName=5Vdc Pin=U5-16
Removed Pin From Net: NetName=5Vdc Pin=U7-16
Added Pin To Net: NetName=5Vdc_CAM Pin=C17-2
Added Pin To Net: NetName=5Vdc_CAM Pin=C27-2
Added Pin To Net: NetName=GND Pin=J3-1
Added Pin To Net: NetName=GND Pin=J3-4
Added Pin To Net: NetName=GND Pin=J4-1
Added Pin To Net: NetName=GND Pin=J4-4
Added Pin To Net: NetName=GND Pin=J5-1
Added Pin To Net: NetName=GND Pin=J5-4
Added Pin To Net: NetName=GND Pin=J6-1
Added Pin To Net: NetName=GND Pin=J6-4
Added Pin To Net: NetName=NetC98_2 Pin=U3-1
Added Pin To Net: NetName=NetC111_2 Pin=U3-2
Added Pin To Net: NetName=5Vdc_CAM Pin=U5-16
Added Pin To Net: NetName=5Vdc_CAM Pin=U7-16
Added Member To Class: ClassName=MCU Member=Component R7 No montar
