Removed Pin From Net: NetName=5Vdc Pin=C73-1
Removed Pin From Net: NetName=GND Pin=C73-2
Removed Pin From Net: NetName=GND Pin=C79-P
Removed Pin From Net: NetName=5Vdc Pin=C118-1
Removed Pin From Net: NetName=GND Pin=C118-2
Removed Pin From Net: NetName=5Vdc Pin=C119-1
Removed Pin From Net: NetName=GND Pin=C119-2
Removed Pin From Net: NetName=5Vdc Pin=C120-1
Removed Pin From Net: NetName=GND Pin=C120-2
Removed Pin From Net: NetName=GND Pin=C125-1
Removed Pin From Net: NetName=GND Pin=C127-1
Removed Pin From Net: NetName=GND Pin=C128-1
Removed Pin From Net: NetName=GND Pin=IC3-3
Removed Pin From Net: NetName=5Vdc Pin=IC3-5
Removed Pin From Net: NetName=5Vdc Pin=IC4-5
Removed Pin From Net: NetName=GND Pin=IC6-3
Removed Pin From Net: NetName=5Vdc Pin=IC6-5
Removed Pin From Net: NetName=15Vdc Pin=P20-1
Removed Pin From Net: NetName=GND Pin=P20-3
Removed Pin From Net: NetName=5Vdc Pin=R53-2
Removed Pin From Net: NetName=GND Pin=R72-1
Removed Pin From Net: NetName=GND Pin=R80-2
Removed Pin From Net: NetName=GND Pin=R81-1
Removed Pin From Net: NetName=GND Pin=R82-1
Removed Pin From Net: NetName=GND Pin=U15-3
Removed Pin From Net: NetName=5Vdc Pin=U15-8
Removed Member From Class: ClassName=Power Member=C73
Removed Member From Class: ClassName=Power Member=C78
Removed Member From Class: ClassName=Power Member=C79
Removed Member From Class: ClassName=Sensors Member=C115
Removed Member From Class: ClassName=Sensors Member=C116
Removed Member From Class: ClassName=Sensors Member=C118
Removed Member From Class: ClassName=Sensors Member=C119
Removed Member From Class: ClassName=Sensors Member=C120
Removed Member From Class: ClassName=Sensors Member=C125
Removed Member From Class: ClassName=Sensors Member=C127
Removed Member From Class: ClassName=Sensors Member=C128
Removed Member From Class: ClassName=Sensors Member=IC3
Removed Member From Class: ClassName=Sensors Member=IC4
Removed Member From Class: ClassName=Sensors Member=IC6
Removed Member From Class: ClassName=Sensors Member=P20
Removed Member From Class: ClassName=Power Member=R53
Removed Member From Class: ClassName=Sensors Member=R72
Removed Member From Class: ClassName=Sensors Member=R73
Removed Member From Class: ClassName=Sensors Member=R74
Removed Member From Class: ClassName=Sensors Member=R75
Removed Member From Class: ClassName=Sensors Member=R76
Removed Member From Class: ClassName=Sensors Member=R77
Removed Member From Class: ClassName=Sensors Member=R80
Removed Member From Class: ClassName=Sensors Member=R81
Removed Member From Class: ClassName=Sensors Member=R82
Removed Member From Class: ClassName=Power Member=U15
Added Pin To Net: NetName=GND Pin=P21-2
Added Pin To Net: NetName=NetU3_99 Pin=U3-99
Added Net: Name=NetU3_99
Added Room: Name=MCU
Added Room: Name=Power
Added Room: Name=Sensors
