Removed Pin From Net: NetName=12Vdc Pin=C2-1
Removed Pin From Net: NetName=12Vdc Pin=C7-1
Removed Pin From Net: NetName=12Vdc Pin=C11-1
Removed Pin From Net: NetName=12Vdc Pin=C73-1
Removed Pin From Net: NetName=12Vdc Pin=U1-5
Removed Pin From Net: NetName=12Vdc Pin=U15-5
Change component parameters: Designator = "R35"; Footprint = "0603 - duplicate"; UniqueID = "\IPUHMTVL"
Change component parameters. Clean all parameters for all variants
Change component parameters (AddParameter): Name = "LatestRevisionDate"; Value = "17-Jul-2002"; VariantName = "[No Variations]"
Change component parameters (AddParameter): Name = "LatestRevisionNote"; Value = "Re-released for DXP Platform."; VariantName = "[No Variations]"
Change component parameters (AddParameter): Name = "PackageDescription"; Value = "Axial Device, Thru-Hole; 2 Leads; 0.4 in Pin Spacing"; VariantName = "[No Variations]"
Change component parameters (AddParameter): Name = "PackageReference"; Value = "AXIAL-0.4"; VariantName = "[No Variations]"
Change component parameters (AddParameter): Name = "Published"; Value = "8-Jun-2000"; VariantName = "[No Variations]"
Change component parameters (AddParameter): Name = "Publisher"; Value = "Altium Limited"; VariantName = "[No Variations]"
Change component parameters (AddParameter): Name = "Value"; Value = "1.9k"; VariantName = "[No Variations]"
Added Component: Designator=U10(CONV_MEA1D1509SC)
Add component. Clean all parameters for all variants
Add component (AddParameter): Name = "Arrow_Electronics-Purchase-URL"; Value = "https://snapeda.com/shop?store=Arrow+Electronics&id=1237682"; VariantName = "[No Variations]"
Add component (AddParameter): Name = "Availability"; Value = "Bad"; VariantName = "[No Variations]"
Add component (AddParameter): Name = "CUI_purchase_URL"; Value = "https://www.cui.com/product/dc-dc-converters/igbt-driver/vqa-series?utm_source=snapeda.com&utm_medium=referral&utm_campaign=snapedaBOM"; VariantName = "[No Variations]"
Add component (AddParameter): Name = "MF"; Value = "CUI Inc."; VariantName = "[No Variations]"
Add component (AddParameter): Name = "Mouser-Purchase-URL"; Value = "https://snapeda.com/shop?store=Mouser&id=1237682"; VariantName = "[No Variations]"
Add component (AddParameter): Name = "MP"; Value = "VQA-S15-D15-SIP"; VariantName = "[No Variations]"
Add component (AddParameter): Name = "Package"; Value = "SIP-7 CUI"; VariantName = "[No Variations]"
Add component (AddParameter): Name = "Price"; Value = "None"; VariantName = "[No Variations]"
Add component (AddParameter): Name = "SnapEDA_Link"; Value = "https://www.snapeda.com/parts/VQA-S15-D15-SIP/CUI/view-part/1237682/?ref=snap"; VariantName = "[No Variations]"
Add component (AddParameter): Name = "Value"; Value = ""; VariantName = "[No Variations]"
Added Pin To Net: NetName=15Vdc Pin=U10-1
Added Pin To Net: NetName=GND Pin=U10-2
Added Pin To Net: NetName=GND* Pin=U10-4
Added Pin To Net: NetName=18Vdc Pin=C2-1
Added Pin To Net: NetName=18Vdc Pin=C7-1
Added Pin To Net: NetName=18Vdc Pin=C11-1
Added Pin To Net: NetName=18Vdc Pin=C73-1
Added Pin To Net: NetName=18Vdc Pin=U1-5
Added Pin To Net: NetName=18Vdc Pin=U10-6
Added Pin To Net: NetName=18Vdc Pin=U15-5
Added Net: Name=18Vdc
Added Member To Class: ClassName=Power Member=Component C40 Cap Pol2
Added Member To Class: ClassName=Power Member=Component C67 Cap Pol2
Added Member To Class: ClassName=Power Member=Component U10 MEA1D1509SC
