Removed Pin From Net: NetName=NetC87_1 Pin=IC1-1
Removed Pin From Net: NetName=GND Pin=IC1-2
Removed Pin From Net: NetName=5Vdc Pin=IC1-5
Removed Pin From Net: NetName=GND Pin=IC2-2
Removed Pin From Net: NetName=5Vdc Pin=IC2-5
Removed Pin From Net: NetName=NetC114_1 Pin=IC5-1
Removed Pin From Net: NetName=GND Pin=IC5-2
Removed Pin From Net: NetName=NetC114_2 Pin=IC5-4
Removed Pin From Net: NetName=5Vdc Pin=IC5-5
Change Component Comment : Designator=IC1 Old Comment=TLV2771CDBVR New Comment=TLV271SN1T1G
Change Component Comment : Designator=IC2 Old Comment=TLV2771CDBVR New Comment=TLV271SN1T1G
Change Component Comment : Designator=IC5 Old Comment=TLV2771CDBVR New Comment=TLV271SN1T1G
Change component parameters: Designator = "R35"; Footprint = "0603 - duplicate"; UniqueID = "\IPUHMTVL"
Change component parameters. Clean all parameters for all variants
Change component parameters (AddParameter): Name = "LatestRevisionDate"; Value = "17-Jul-2002"; VariantName = "[No Variations]"
Change component parameters (AddParameter): Name = "LatestRevisionNote"; Value = "Re-released for DXP Platform."; VariantName = "[No Variations]"
Change component parameters (AddParameter): Name = "PackageDescription"; Value = "Axial Device, Thru-Hole; 2 Leads; 0.4 in Pin Spacing"; VariantName = "[No Variations]"
Change component parameters (AddParameter): Name = "PackageReference"; Value = "AXIAL-0.4"; VariantName = "[No Variations]"
Change component parameters (AddParameter): Name = "Published"; Value = "8-Jun-2000"; VariantName = "[No Variations]"
Change component parameters (AddParameter): Name = "Publisher"; Value = "Altium Limited"; VariantName = "[No Variations]"
Change component parameters (AddParameter): Name = "Value"; Value = "1.8k"; VariantName = "[No Variations]"
Change component parameters: Designator = "R38"; Footprint = "0603 - duplicate"; UniqueID = "\QYOFXRTR"
Change component parameters. Clean all parameters for all variants
Change component parameters (AddParameter): Name = "LatestRevisionDate"; Value = "17-Jul-2002"; VariantName = "[No Variations]"
Change component parameters (AddParameter): Name = "LatestRevisionNote"; Value = "Re-released for DXP Platform."; VariantName = "[No Variations]"
Change component parameters (AddParameter): Name = "PackageDescription"; Value = "Axial Device, Thru-Hole; 2 Leads; 0.4 in Pin Spacing"; VariantName = "[No Variations]"
Change component parameters (AddParameter): Name = "PackageReference"; Value = "AXIAL-0.4"; VariantName = "[No Variations]"
Change component parameters (AddParameter): Name = "Published"; Value = "8-Jun-2000"; VariantName = "[No Variations]"
Change component parameters (AddParameter): Name = "Publisher"; Value = "Altium Limited"; VariantName = "[No Variations]"
Change component parameters (AddParameter): Name = "Value"; Value = "2k00"; VariantName = "[No Variations]"
Added Pin To Net: NetName=5Vdc Pin=IC1-2
Added Pin To Net: NetName=GND Pin=IC1-5
Added Pin To Net: NetName=5Vdc Pin=IC2-2
Added Pin To Net: NetName=GND Pin=IC2-5
Added Pin To Net: NetName=GND Pin=IC5-5
Added Pin To Net: NetName=NetR86_1 Pin=R86-1
Added Pin To Net: NetName=NetR86_1 Pin=R87-1
Added Net: Name=NetR86_1
