Removed Pin From Net: NetName=NetR52_1 Pin=U3-5
Removed Pin From Net: NetName=NetC22_2 Pin=U3-6
Removed Pin From Net: NetName=NetC21_2 Pin=U3-7
Removed Pin From Net: NetName=NetR52_1 Pin=U3-8
Removed Pin From Net: NetName=NetC44_2 Pin=U3-9
Removed Pin From Net: NetName=NetC45_2 Pin=U3-10
Removed Pin From Net: NetName=TEST/SBWTCK Pin=U3-11
Removed Pin From Net: NetName=\R\S\T\/SBWTDIO Pin=U3-12
Removed Pin From Net: NetName=TDO Pin=U3-13
Removed Pin From Net: NetName=TDI Pin=U3-14
Removed Pin From Net: NetName=TMS Pin=U3-15
Removed Pin From Net: NetName=TCK Pin=U3-16
Removed Pin From Net: NetName=GND Pin=U3-17
Removed Pin From Net: NetName=NetC81_2 Pin=U3-18
Removed Pin From Net: NetName=GND Pin=U3-33
Removed Pin From Net: NetName=GND Pin=U3-48
Removed Pin From Net: NetName=NetC81_2 Pin=U3-49
Removed Pin From Net: NetName=NetR52_1 Pin=U3-61
Removed Pin From Net: NetName=NetR52_1 Pin=U3-64
Change Component Footprint: Designator=U3 Old Footprint=QFP50P1200X1200X160-64N New Footprint=*QFP50P1400X1400X160-80N
Change Component Comment : Designator=U3 Old Comment=MSP430FR5043IPMR New Comment=MSP430FR6043IPN
Change component parameters: Designator = "U3"; Footprint = "*QFP50P1400X1400X160-80N"; UniqueID = "\PIAMRDNJ"
Change component parameters. Clean all parameters for all variants
Change component parameters (AddParameter): Name = "Availability"; Value = "In Stock"; VariantName = "[No Variations]"
Change component parameters (AddParameter): Name = "Check_prices"; Value = "https://www.snapeda.com/parts/MSP430FR6043IPN/Texas+Instruments/view-part/?ref=eda"; VariantName = "[No Variations]"
Change component parameters (AddParameter): Name = "MF"; Value = "Texas Instruments"; VariantName = "[No Variations]"
Change component parameters (AddParameter): Name = "MP"; Value = "MSP430FR6043IPN"; VariantName = "[No Variations]"
Change component parameters (AddParameter): Name = "Package"; Value = "LQFP-80 Texas Instruments"; VariantName = "[No Variations]"
Change component parameters (AddParameter): Name = "Price"; Value = "None"; VariantName = "[No Variations]"
Change component parameters (AddParameter): Name = "Purchase-URL"; Value = "https://pricing.snapeda.com/search/part/MSP430FR6043IPN/?ref=eda"; VariantName = "[No Variations]"
Change component parameters (AddParameter): Name = "SnapEDA_Link"; Value = "https://www.snapeda.com/parts/MSP430FR6043IPN/Texas+Instruments/view-part/?ref=snap"; VariantName = "[No Variations]"
Change component parameters (AddParameter): Name = "Value"; Value = ""; VariantName = "[No Variations]"
Added Pin To Net: NetName=NetR52_1 Pin=U3-6
Added Pin To Net: NetName=NetC22_2 Pin=U3-7
Added Pin To Net: NetName=NetC21_2 Pin=U3-8
Added Pin To Net: NetName=NetR52_1 Pin=U3-9
Added Pin To Net: NetName=NetC44_2 Pin=U3-10
Added Pin To Net: NetName=NetC45_2 Pin=U3-11
Added Pin To Net: NetName=GND Pin=U3-21
Added Pin To Net: NetName=NetC81_2 Pin=U3-22
Added Pin To Net: NetName=GND Pin=U3-41
Added Pin To Net: NetName=GND Pin=U3-58
Added Pin To Net: NetName=NetC81_2 Pin=U3-59
Added Pin To Net: NetName=NetR52_1 Pin=U3-77
Added Pin To Net: NetName=NetR52_1 Pin=U3-80
Added Member To Class: ClassName=MCU Member=Component U3 MSP430FR6043IPN
