Removed Pin From Net: NetName=GND* Pin=C2-2
Removed Pin From Net: NetName=GND* Pin=C7-2
Removed Pin From Net: NetName=GND* Pin=C11-2
Removed Pin From Net: NetName=GND* Pin=C73-2
Removed Pin From Net: NetName=GND* Pin=U1-8
Removed Pin From Net: NetName=NetP13_2 Pin=U3-2
Removed Pin From Net: NetName=NetR39_1 Pin=U3-3
Removed Pin From Net: NetName=GND* Pin=U15-8
Added Pin To Net: NetName=Actuator+ Pin=C2-2
Added Pin To Net: NetName=Actuator+ Pin=C7-2
Added Pin To Net: NetName=Actuator- Pin=C11-2
Added Pin To Net: NetName=Actuator- Pin=C73-2
Added Pin To Net: NetName=Actuator+ Pin=U1-8
Added Pin To Net: NetName=CLK_EXTRA Pin=U3-2
Added Pin To Net: NetName=CS_EXTRA Pin=U3-3
Added Pin To Net: NetName=NetP13_2 Pin=U3-4
Added Pin To Net: NetName=NetR39_1 Pin=U3-5
Added Pin To Net: NetName=MOSI_EXTRA Pin=U3-13
Added Pin To Net: NetName=MISO_EXTRA Pin=U3-14
Added Pin To Net: NetName=Actuator- Pin=U15-8
