Change Component Footprint: Designator=P13 Old Footprint=HDR1X5 New Footprint=regleta_5
Change component parameters: Designator = "C35"; Footprint = "ElectrolythicCap_5mm"; UniqueID = "\OHJFDZGQ"
Change component parameters. Clean all parameters for all variants
Change component parameters (AddParameter): Name = "LatestRevisionDate"; Value = "17-Jul-2002"; VariantName = "[No Variations]"
Change component parameters (AddParameter): Name = "LatestRevisionNote"; Value = "Re-released for DXP Platform."; VariantName = "[No Variations]"
Change component parameters (AddParameter): Name = "PackageDescription"; Value = "Polarized Capacitor; 2 Leads"; VariantName = "[No Variations]"
Change component parameters (AddParameter): Name = "PackageReference"; Value = "POLAR0.8"; VariantName = "[No Variations]"
Change component parameters (AddParameter): Name = "Published"; Value = "8-Jun-2000"; VariantName = "[No Variations]"
Change component parameters (AddParameter): Name = "Publisher"; Value = "Altium Limited"; VariantName = "[No Variations]"
Change component parameters (AddParameter): Name = "Value"; Value = "300uF"; VariantName = "[No Variations]"
Added Pin To Net: NetName=GND* Pin=C34-N
Added Pin To Net: NetName=12Vdc Pin=C34-P
Added Pin To Net: NetName=12Vdc Pin=C35-P
Added Pin To Net: NetName=GND* Pin=C36-N
Added Pin To Net: NetName=12Vdc Pin=C36-P
Added Pin To Net: NetName=12Vdc Pin=C37-P
Added Pin To Net: NetName=12Vdc Pin=C38-P
Added Pin To Net: NetName=GND* Pin=C39-N
Added Pin To Net: NetName=12Vdc Pin=C39-P
Added Pin To Net: NetName=GND Pin=C40-N
Added Pin To Net: NetName=15Vdc Pin=C40-P
Added Pin To Net: NetName=GND Pin=C41-N
Added Pin To Net: NetName=15Vdc Pin=C41-P
Added Pin To Net: NetName=GND Pin=C42-N
Added Pin To Net: NetName=15Vdc Pin=C42-P
Added Pin To Net: NetName=GND Pin=C43-N
Added Pin To Net: NetName=15Vdc Pin=C43-P
Added Pin To Net: NetName=GND Pin=C44-N
Added Pin To Net: NetName=15Vdc Pin=C44-P
Added Pin To Net: NetName=GND Pin=C45-N
Added Pin To Net: NetName=15Vdc Pin=C45-P
