Removed Pin From Net: NetName=TDO Pin=P3-1
Removed Pin From Net: NetName=TDI Pin=P3-2
Removed Pin From Net: NetName=TMS Pin=P3-3
Removed Pin From Net: NetName=TCK Pin=P3-4
Removed Pin From Net: NetName=GND Pin=P3-5
Removed Pin From Net: NetName=NetP2_1 Pin=P3-8
Removed Pin From Net: NetName=GND Pin=P6-5
Removed Pin From Net: NetName=NetP2_1 Pin=P6-8
Removed Pin From Net: NetName=NetP3_11 Pin=R5-1
Removed Pin From Net: NetName=TEST/SBWTCK Pin=R5-2
Removed Pin From Net: NetName=\R\S\T\/SBWTDIO Pin=R6-2
Removed Pin From Net: NetName=TEST/SBWTCK Pin=R7-1
Removed Pin From Net: NetName=GND Pin=R7-2
Removed Pin From Net: NetName=NetP6_1 Pin=R11-1
Removed Pin From Net: NetName=\R\S\T\/SBWTDIO Pin=R11-2
Removed Pin From Net: NetName=TEST/SBWTCK Pin=R13-1
Removed Pin From Net: NetName=NetC126_2 Pin=U3-1
Removed Pin From Net: NetName=NetC111_2 Pin=U3-3
Removed Pin From Net: NetName=NetC98_2 Pin=U3-5
Removed Pin From Net: NetName=NetP13_2 Pin=U3-8
Removed Pin From Net: NetName=NetC84_2 Pin=U3-11
Removed Pin From Net: NetName=NetR52_1 Pin=U3-12
Removed Pin From Net: NetName=NetC21_2 Pin=U3-13
Removed Pin From Net: NetName=NetC22_2 Pin=U3-14
Removed Pin From Net: NetName=NetR52_1 Pin=U3-15
Removed Pin From Net: NetName=CS_EXTRA Pin=U3-17
Removed Pin From Net: NetName=MOSI_EXTRA Pin=U3-18
Removed Pin From Net: NetName=MISO_EXTRA Pin=U3-19
Removed Pin From Net: NetName=CLK_EXTRA Pin=U3-20
Removed Pin From Net: NetName=UART2_TX Pin=U3-21
Removed Pin From Net: NetName=UART2_RX Pin=U3-22
Removed Pin From Net: NetName=NetC81_2 Pin=U3-25
Removed Pin From Net: NetName=GND Pin=U3-26
Removed Pin From Net: NetName=SEL_CAM12 Pin=U3-28
Removed Pin From Net: NetName=SEL_CAM34 Pin=U3-29
Removed Pin From Net: NetName=NetR39_1 Pin=U3-31
Removed Pin From Net: NetName=NetP19_3 Pin=U3-36
Removed Pin From Net: NetName=GPIO_D Pin=U3-51
Removed Pin From Net: NetName=GPIO_B Pin=U3-52
Removed Pin From Net: NetName=PWM_A Pin=U3-54
Removed Pin From Net: NetName=PWM_C Pin=U3-56
Removed Pin From Net: NetName=UART1_TX Pin=U3-60
Removed Pin From Net: NetName=UART1_RX Pin=U3-61
Removed Pin From Net: NetName=GND Pin=U3-63
Removed Pin From Net: NetName=NetC81_2 Pin=U3-64
Removed Pin From Net: NetName=I2C_SDA Pin=U3-65
Removed Pin From Net: NetName=I2C_SCL Pin=U3-66
Removed Pin From Net: NetName=NetR58_1 Pin=U3-68
Removed Pin From Net: NetName=NetR66_1 Pin=U3-69
Removed Pin From Net: NetName=UART_TX_COM Pin=U3-70
Removed Pin From Net: NetName=UART_RX_COM Pin=U3-71
Removed Pin From Net: NetName=NetR52_1 Pin=U3-83
Removed Pin From Net: NetName=NetC45_2 Pin=U3-84
Removed Pin From Net: NetName=NetC44_2 Pin=U3-85
Removed Pin From Net: NetName=NetC81_2 Pin=U3-89
Removed Pin From Net: NetName=GND Pin=U3-90
Removed Pin From Net: NetName=TEST/SBWTCK Pin=U3-91
Removed Pin From Net: NetName=TDO Pin=U3-92
Removed Pin From Net: NetName=TDI Pin=U3-93
Removed Pin From Net: NetName=TMS Pin=U3-94
Removed Pin From Net: NetName=TCK Pin=U3-95
Removed Pin From Net: NetName=\R\S\T\/SBWTDIO Pin=U3-96
Change Component Footprint: Designator=P6 Old Footprint=jtag New Footprint=HDR1X3
Change Component Footprint: Designator=P3 Old Footprint=jtag New Footprint=HDR2X7
Change Component Footprint: Designator=U3 Old Footprint=PZ100_TEX New Footprint=QFP50P1200X1200X160-64N
Change Component Comment : Designator=P6 Old Comment=Header 7X2A New Comment=Header 3
Change Component Comment : Designator=P3 Old Comment=Header 7X2A New Comment=Header 7X2
Change Component Comment : Designator=U3 Old Comment=MSP430F6459TPZR New Comment=MSP430FR5043IPMR
Change Component Comment : Designator=R7 Old Comment=No montar New Comment=Res2
Change component parameters: Designator = "R5"; Footprint = "0603 - duplicate"; UniqueID = "\UEZBJLKF"
Change component parameters. Clean all parameters for all variants
Change component parameters (AddParameter): Name = "LatestRevisionDate"; Value = "17-Jul-2002"; VariantName = "[No Variations]"
Change component parameters (AddParameter): Name = "LatestRevisionNote"; Value = "Re-released for DXP Platform."; VariantName = "[No Variations]"
Change component parameters (AddParameter): Name = "PackageDescription"; Value = "Axial Device, Thru-Hole; 2 Leads; 0.4 in Pin Spacing"; VariantName = "[No Variations]"
Change component parameters (AddParameter): Name = "PackageReference"; Value = "AXIAL-0.4"; VariantName = "[No Variations]"
Change component parameters (AddParameter): Name = "Published"; Value = "8-Jun-2000"; VariantName = "[No Variations]"
Change component parameters (AddParameter): Name = "Publisher"; Value = "Altium Limited"; VariantName = "[No Variations]"
Change component parameters (AddParameter): Name = "Value"; Value = "10"; VariantName = "[No Variations]"
Change component parameters: Designator = "R6"; Footprint = "0603 - duplicate"; UniqueID = "\GHNKZGSY"
Change component parameters. Clean all parameters for all variants
Change component parameters (AddParameter): Name = "LatestRevisionDate"; Value = "17-Jul-2002"; VariantName = "[No Variations]"
Change component parameters (AddParameter): Name = "LatestRevisionNote"; Value = "Re-released for DXP Platform."; VariantName = "[No Variations]"
Change component parameters (AddParameter): Name = "PackageDescription"; Value = "Axial Device, Thru-Hole; 2 Leads; 0.4 in Pin Spacing"; VariantName = "[No Variations]"
Change component parameters (AddParameter): Name = "PackageReference"; Value = "AXIAL-0.4"; VariantName = "[No Variations]"
Change component parameters (AddParameter): Name = "Published"; Value = "8-Jun-2000"; VariantName = "[No Variations]"
Change component parameters (AddParameter): Name = "Publisher"; Value = "Altium Limited"; VariantName = "[No Variations]"
Change component parameters (AddParameter): Name = "Value"; Value = "10"; VariantName = "[No Variations]"
Change component parameters: Designator = "R7"; Footprint = "0603 - duplicate"; UniqueID = "\YUNKMQNR"
Change component parameters. Clean all parameters for all variants
Change component parameters (AddParameter): Name = "LatestRevisionDate"; Value = "17-Jul-2002"; VariantName = "[No Variations]"
Change component parameters (AddParameter): Name = "LatestRevisionNote"; Value = "Re-released for DXP Platform."; VariantName = "[No Variations]"
Change component parameters (AddParameter): Name = "PackageDescription"; Value = "Axial Device, Thru-Hole; 2 Leads; 0.4 in Pin Spacing"; VariantName = "[No Variations]"
Change component parameters (AddParameter): Name = "PackageReference"; Value = "AXIAL-0.4"; VariantName = "[No Variations]"
Change component parameters (AddParameter): Name = "Published"; Value = "8-Jun-2000"; VariantName = "[No Variations]"
Change component parameters (AddParameter): Name = "Publisher"; Value = "Altium Limited"; VariantName = "[No Variations]"
Change component parameters (AddParameter): Name = "Value"; Value = "10"; VariantName = "[No Variations]"
Change component parameters: Designator = "R11"; Footprint = "0603 - duplicate"; UniqueID = "\HNVQKXCN"
Change component parameters. Clean all parameters for all variants
Change component parameters (AddParameter): Name = "LatestRevisionDate"; Value = "17-Jul-2002"; VariantName = "[No Variations]"
Change component parameters (AddParameter): Name = "LatestRevisionNote"; Value = "Re-released for DXP Platform."; VariantName = "[No Variations]"
Change component parameters (AddParameter): Name = "PackageDescription"; Value = "Axial Device, Thru-Hole; 2 Leads; 0.4 in Pin Spacing"; VariantName = "[No Variations]"
Change component parameters (AddParameter): Name = "PackageReference"; Value = "AXIAL-0.4"; VariantName = "[No Variations]"
Change component parameters (AddParameter): Name = "Published"; Value = "8-Jun-2000"; VariantName = "[No Variations]"
Change component parameters (AddParameter): Name = "Publisher"; Value = "Altium Limited"; VariantName = "[No Variations]"
Change component parameters (AddParameter): Name = "Value"; Value = "10"; VariantName = "[No Variations]"
Change component parameters: Designator = "R13"; Footprint = "0603 - duplicate"; UniqueID = "\CYKNSQCV"
Change component parameters. Clean all parameters for all variants
Change component parameters (AddParameter): Name = "LatestRevisionDate"; Value = "17-Jul-2002"; VariantName = "[No Variations]"
Change component parameters (AddParameter): Name = "LatestRevisionNote"; Value = "Re-released for DXP Platform."; VariantName = "[No Variations]"
Change component parameters (AddParameter): Name = "PackageDescription"; Value = "Axial Device, Thru-Hole; 2 Leads; 0.4 in Pin Spacing"; VariantName = "[No Variations]"
Change component parameters (AddParameter): Name = "PackageReference"; Value = "AXIAL-0.4"; VariantName = "[No Variations]"
Change component parameters (AddParameter): Name = "Published"; Value = "8-Jun-2000"; VariantName = "[No Variations]"
Change component parameters (AddParameter): Name = "Publisher"; Value = "Altium Limited"; VariantName = "[No Variations]"
Change component parameters (AddParameter): Name = "Value"; Value = "10"; VariantName = "[No Variations]"
Change component parameters: Designator = "U3"; Footprint = "QFP50P1200X1200X160-64N"; UniqueID = "\HQVKFDFG"
Change component parameters. Clean all parameters for all variants
Change component parameters (AddParameter): Name = "Availability"; Value = "Unavailable"; VariantName = "[No Variations]"
Change component parameters (AddParameter): Name = "MF"; Value = "Texas Instruments"; VariantName = "[No Variations]"
Change component parameters (AddParameter): Name = "MP"; Value = "MSP430FR5043IPMR"; VariantName = "[No Variations]"
Change component parameters (AddParameter): Name = "Package"; Value = "LQFP-64 Texas Instruments"; VariantName = "[No Variations]"
Change component parameters (AddParameter): Name = "Price"; Value = "None"; VariantName = "[No Variations]"
Change component parameters (AddParameter): Name = "SnapEDA_Link"; Value = "https://www.snapeda.com/parts/MSP430FR5043IPMR/Texas%20Instruments/view-part/4502727/?ref=snap"; VariantName = "[No Variations]"
Change component parameters (AddParameter): Name = "Texas_Instruments-Purchase-URL"; Value = "https://snapeda.com/shop?store=Texas+Instruments&id=4502727"; VariantName = "[No Variations]"
Change component parameters (AddParameter): Name = "Value"; Value = ""; VariantName = "[No Variations]"
Added Component: Designator=C37(0603 - duplicate)
Add component. Clean all parameters for all variants
Add component (AddParameter): Name = "LatestRevisionDate"; Value = "17-Jul-2002"; VariantName = "[No Variations]"
Add component (AddParameter): Name = "LatestRevisionNote"; Value = "Re-released for DXP Platform."; VariantName = "[No Variations]"
Add component (AddParameter): Name = "PackageDescription"; Value = "Radial Cap, Thru-Hole; 2 Leads; 0.3 in Pin Spacing"; VariantName = "[No Variations]"
Add component (AddParameter): Name = "PackageReference"; Value = "RAD-0.3"; VariantName = "[No Variations]"
Add component (AddParameter): Name = "Published"; Value = "8-Jun-2000"; VariantName = "[No Variations]"
Add component (AddParameter): Name = "Publisher"; Value = "Altium Limited"; VariantName = "[No Variations]"
Add component (AddParameter): Name = "Value"; Value = "2.2uF"; VariantName = "[No Variations]"
Added Component: Designator=C41(0603 - duplicate)
Add component. Clean all parameters for all variants
Add component (AddParameter): Name = "LatestRevisionDate"; Value = "17-Jul-2002"; VariantName = "[No Variations]"
Add component (AddParameter): Name = "LatestRevisionNote"; Value = "Re-released for DXP Platform."; VariantName = "[No Variations]"
Add component (AddParameter): Name = "PackageDescription"; Value = "Radial Cap, Thru-Hole; 2 Leads; 0.3 in Pin Spacing"; VariantName = "[No Variations]"
Add component (AddParameter): Name = "PackageReference"; Value = "RAD-0.3"; VariantName = "[No Variations]"
Add component (AddParameter): Name = "Published"; Value = "8-Jun-2000"; VariantName = "[No Variations]"
Add component (AddParameter): Name = "Publisher"; Value = "Altium Limited"; VariantName = "[No Variations]"
Add component (AddParameter): Name = "Value"; Value = "10uF"; VariantName = "[No Variations]"
Added Component: Designator=R9(0603 - duplicate)
Add component. Clean all parameters for all variants
Add component (AddParameter): Name = "LatestRevisionDate"; Value = "17-Jul-2002"; VariantName = "[No Variations]"
Add component (AddParameter): Name = "LatestRevisionNote"; Value = "Re-released for DXP Platform."; VariantName = "[No Variations]"
Add component (AddParameter): Name = "PackageDescription"; Value = "Axial Device, Thru-Hole; 2 Leads; 0.4 in Pin Spacing"; VariantName = "[No Variations]"
Add component (AddParameter): Name = "PackageReference"; Value = "AXIAL-0.4"; VariantName = "[No Variations]"
Add component (AddParameter): Name = "Published"; Value = "8-Jun-2000"; VariantName = "[No Variations]"
Add component (AddParameter): Name = "Publisher"; Value = "Altium Limited"; VariantName = "[No Variations]"
Add component (AddParameter): Name = "Value"; Value = "10"; VariantName = "[No Variations]"
Added Component: Designator=R10(0603 - duplicate)
Add component. Clean all parameters for all variants
Add component (AddParameter): Name = "LatestRevisionDate"; Value = "17-Jul-2002"; VariantName = "[No Variations]"
Add component (AddParameter): Name = "LatestRevisionNote"; Value = "Re-released for DXP Platform."; VariantName = "[No Variations]"
Add component (AddParameter): Name = "PackageDescription"; Value = "Axial Device, Thru-Hole; 2 Leads; 0.4 in Pin Spacing"; VariantName = "[No Variations]"
Add component (AddParameter): Name = "PackageReference"; Value = "AXIAL-0.4"; VariantName = "[No Variations]"
Add component (AddParameter): Name = "Published"; Value = "8-Jun-2000"; VariantName = "[No Variations]"
Add component (AddParameter): Name = "Publisher"; Value = "Altium Limited"; VariantName = "[No Variations]"
Add component (AddParameter): Name = "Value"; Value = "10"; VariantName = "[No Variations]"
Added Component: Designator=R12(0603 - duplicate)
Add component. Clean all parameters for all variants
Add component (AddParameter): Name = "LatestRevisionDate"; Value = "17-Jul-2002"; VariantName = "[No Variations]"
Add component (AddParameter): Name = "LatestRevisionNote"; Value = "Re-released for DXP Platform."; VariantName = "[No Variations]"
Add component (AddParameter): Name = "PackageDescription"; Value = "Axial Device, Thru-Hole; 2 Leads; 0.4 in Pin Spacing"; VariantName = "[No Variations]"
Add component (AddParameter): Name = "PackageReference"; Value = "AXIAL-0.4"; VariantName = "[No Variations]"
Add component (AddParameter): Name = "Published"; Value = "8-Jun-2000"; VariantName = "[No Variations]"
Add component (AddParameter): Name = "Publisher"; Value = "Altium Limited"; VariantName = "[No Variations]"
Add component (AddParameter): Name = "Value"; Value = "10"; VariantName = "[No Variations]"
Added Component: Designator=R16(0603 - duplicate)
Add component. Clean all parameters for all variants
Add component (AddParameter): Name = "LatestRevisionDate"; Value = "17-Jul-2002"; VariantName = "[No Variations]"
Add component (AddParameter): Name = "LatestRevisionNote"; Value = "Re-released for DXP Platform."; VariantName = "[No Variations]"
Add component (AddParameter): Name = "PackageDescription"; Value = "Axial Device, Thru-Hole; 2 Leads; 0.4 in Pin Spacing"; VariantName = "[No Variations]"
Add component (AddParameter): Name = "PackageReference"; Value = "AXIAL-0.4"; VariantName = "[No Variations]"
Add component (AddParameter): Name = "Published"; Value = "8-Jun-2000"; VariantName = "[No Variations]"
Add component (AddParameter): Name = "Publisher"; Value = "Altium Limited"; VariantName = "[No Variations]"
Add component (AddParameter): Name = "Value"; Value = "10"; VariantName = "[No Variations]"
Added Component: Designator=R17(0603 - duplicate)
Add component. Clean all parameters for all variants
Add component (AddParameter): Name = "LatestRevisionDate"; Value = "17-Jul-2002"; VariantName = "[No Variations]"
Add component (AddParameter): Name = "LatestRevisionNote"; Value = "Re-released for DXP Platform."; VariantName = "[No Variations]"
Add component (AddParameter): Name = "PackageDescription"; Value = "Axial Device, Thru-Hole; 2 Leads; 0.4 in Pin Spacing"; VariantName = "[No Variations]"
Add component (AddParameter): Name = "PackageReference"; Value = "AXIAL-0.4"; VariantName = "[No Variations]"
Add component (AddParameter): Name = "Published"; Value = "8-Jun-2000"; VariantName = "[No Variations]"
Add component (AddParameter): Name = "Publisher"; Value = "Altium Limited"; VariantName = "[No Variations]"
Add component (AddParameter): Name = "Value"; Value = "10"; VariantName = "[No Variations]"
Added Component: Designator=R53(0603 - duplicate)
Add component. Clean all parameters for all variants
Add component (AddParameter): Name = "LatestRevisionDate"; Value = "17-Jul-2002"; VariantName = "[No Variations]"
Add component (AddParameter): Name = "LatestRevisionNote"; Value = "Re-released for DXP Platform."; VariantName = "[No Variations]"
Add component (AddParameter): Name = "PackageDescription"; Value = "Axial Device, Thru-Hole; 2 Leads; 0.4 in Pin Spacing"; VariantName = "[No Variations]"
Add component (AddParameter): Name = "PackageReference"; Value = "AXIAL-0.4"; VariantName = "[No Variations]"
Add component (AddParameter): Name = "Published"; Value = "8-Jun-2000"; VariantName = "[No Variations]"
Add component (AddParameter): Name = "Publisher"; Value = "Altium Limited"; VariantName = "[No Variations]"
Add component (AddParameter): Name = "Value"; Value = "10"; VariantName = "[No Variations]"
Added Component: Designator=R72(0603 - duplicate)
Add component. Clean all parameters for all variants
Add component (AddParameter): Name = "LatestRevisionDate"; Value = "17-Jul-2002"; VariantName = "[No Variations]"
Add component (AddParameter): Name = "LatestRevisionNote"; Value = "Re-released for DXP Platform."; VariantName = "[No Variations]"
Add component (AddParameter): Name = "PackageDescription"; Value = "Axial Device, Thru-Hole; 2 Leads; 0.4 in Pin Spacing"; VariantName = "[No Variations]"
Add component (AddParameter): Name = "PackageReference"; Value = "AXIAL-0.4"; VariantName = "[No Variations]"
Add component (AddParameter): Name = "Published"; Value = "8-Jun-2000"; VariantName = "[No Variations]"
Add component (AddParameter): Name = "Publisher"; Value = "Altium Limited"; VariantName = "[No Variations]"
Add component (AddParameter): Name = "Value"; Value = "10"; VariantName = "[No Variations]"
Added Pin To Net: NetName=GND Pin=C37-1
Added Pin To Net: NetName=15Vdc Pin=C37-2
Added Pin To Net: NetName=GND* Pin=C41-1
Added Pin To Net: NetName=18Vdc Pin=C41-2
Added Pin To Net: NetName=NetP2_1 Pin=P3-2
Added Pin To Net: NetName=GND Pin=P3-9
Added Pin To Net: NetName=GND Pin=P6-3
Added Pin To Net: NetName=TDO Pin=R5-2
Added Pin To Net: NetName=TDI Pin=R6-2
Added Pin To Net: NetName=TMS Pin=R7-2
Added Pin To Net: NetName=TCK Pin=R9-2
Added Pin To Net: NetName=TEST/SBWTCK Pin=R10-1
Added Pin To Net: NetName=NetP3_11 Pin=R12-1
Added Pin To Net: NetName=\R\S\T\/SBWTDIO Pin=R12-2
Added Pin To Net: NetName=NetP6_1 Pin=R53-1
Added Pin To Net: NetName=TEST/SBWTCK Pin=R53-2
Added Pin To Net: NetName=\R\S\T\/SBWTDIO Pin=R72-2
Added Pin To Net: NetName=NetC84_2 Pin=U3-1
Added Pin To Net: NetName=NetR52_1 Pin=U3-5
Added Pin To Net: NetName=NetC22_2 Pin=U3-6
Added Pin To Net: NetName=NetC21_2 Pin=U3-7
Added Pin To Net: NetName=NetR52_1 Pin=U3-8
Added Pin To Net: NetName=NetC44_2 Pin=U3-9
Added Pin To Net: NetName=NetC45_2 Pin=U3-10
Added Pin To Net: NetName=TEST/SBWTCK Pin=U3-11
Added Pin To Net: NetName=\R\S\T\/SBWTDIO Pin=U3-12
Added Pin To Net: NetName=TDO Pin=U3-13
Added Pin To Net: NetName=TDI Pin=U3-14
Added Pin To Net: NetName=TMS Pin=U3-15
Added Pin To Net: NetName=TCK Pin=U3-16
Added Pin To Net: NetName=GND Pin=U3-17
Added Pin To Net: NetName=NetC81_2 Pin=U3-18
Added Pin To Net: NetName=GND Pin=U3-33
Added Pin To Net: NetName=GND Pin=U3-48
Added Pin To Net: NetName=NetC81_2 Pin=U3-49
Added Pin To Net: NetName=NetR52_1 Pin=U3-61
Added Pin To Net: NetName=NetR52_1 Pin=U3-64
Change Net Name : Old Net Name=18Vdc New Net Name=Vcc_HDriver
Added Pin To Net: NetName=NetP3_1 Pin=P3-1
Added Pin To Net: NetName=NetP3_1 Pin=R5-1
Added Net: Name=NetP3_1
Added Pin To Net: NetName=NetP3_3 Pin=P3-3
Added Pin To Net: NetName=NetP3_3 Pin=R6-1
Added Net: Name=NetP3_3
Added Pin To Net: NetName=NetP3_4 Pin=P3-4
Added Pin To Net: NetName=NetP3_4 Pin=P4-2
Added Net: Name=NetP3_4
Added Pin To Net: NetName=NetP3_5 Pin=P3-5
Added Pin To Net: NetName=NetP3_5 Pin=R7-1
Added Net: Name=NetP3_5
Added Pin To Net: NetName=NetP3_7 Pin=P3-7
Added Pin To Net: NetName=NetP3_7 Pin=R9-1
Added Net: Name=NetP3_7
Added Pin To Net: NetName=NetP3_8 Pin=P3-8
Added Pin To Net: NetName=NetP3_8 Pin=R10-2
Added Net: Name=NetP3_8
Added Pin To Net: NetName=NetP3_10 Pin=P3-10
Added Pin To Net: NetName=NetP3_10 Pin=R11-2
Added Net: Name=NetP3_10
Added Pin To Net: NetName=NetP3_12 Pin=P3-12
Added Pin To Net: NetName=NetP3_12 Pin=R13-2
Added Net: Name=NetP3_12
Added Pin To Net: NetName=NetP3_13 Pin=P3-13
Added Pin To Net: NetName=NetP3_13 Pin=R16-1
Added Net: Name=NetP3_13
Added Pin To Net: NetName=NetP3_14 Pin=P3-14
Added Pin To Net: NetName=NetP3_14 Pin=R17-2
Added Net: Name=NetP3_14
Added Pin To Net: NetName=NetP6_2 Pin=P6-2
Added Pin To Net: NetName=NetP6_2 Pin=R72-1
Added Net: Name=NetP6_2
Added Pin To Net: NetName=NetU18_1 Pin=U18-1
Added Pin To Net: NetName=NetU18_1 Pin=U19-1
Added Net: Name=NetU18_1
Added Pin To Net: NetName=NetU18_10 Pin=U18-10
Added Pin To Net: NetName=NetU18_10 Pin=U19-10
Added Net: Name=NetU18_10
Added Pin To Net: NetName=UART_CTS Pin=R11-1
Added Net: Name=UART_CTS
Added Pin To Net: NetName=UART_RTS Pin=R16-2
Added Net: Name=UART_RTS
Added Pin To Net: NetName=UART_RXD Pin=R17-1
Added Net: Name=UART_RXD
Added Pin To Net: NetName=UART_TXD Pin=R13-1
Added Net: Name=UART_TXD
Added Member To Class: ClassName=Power Member=Component C37 Cap
Added Member To Class: ClassName=Power Member=Component C41 Cap
Added Member To Class: ClassName=MCU Member=Component R9 Res2
Added Member To Class: ClassName=MCU Member=Component R10 Res2
Added Member To Class: ClassName=MCU Member=Component R12 Res2
Added Member To Class: ClassName=MCU Member=Component R16 Res2
Added Member To Class: ClassName=MCU Member=Component R17 Res2
Added Member To Class: ClassName=MCU Member=Component R53 Res2
Added Member To Class: ClassName=MCU Member=Component R72 Res2
Added Room: Name=MCU
Added Room: Name=Power
Added Room: Name=Sensors
