Removed Pin From Net: NetName=CELL2_SENSE- Pin=C88-1
Removed Pin From Net: NetName=CELL2_SENSE- Pin=C95-1
Removed Pin From Net: NetName=CELL2_SENSE- Pin=C96-1
Removed Pin From Net: NetName=NetC95_2 Pin=C108-2
Removed Pin From Net: NetName=NetC95_2 Pin=C109-2
Removed Pin From Net: NetName=GND Pin=R44-2
Removed Pin From Net: NetName=CELL2_SENSE- Pin=R61-1
Removed Pin From Net: NetName=NetC95_2 Pin=U18-6
Removed Pin From Net: NetName=CELL2_SENSE- Pin=U19-4
Removed Pin From Net: NetName=CELL2_SENSE- Pin=U19-8
Removed Member From Class: ClassName=Power Member=R44
Added Component: Designator=C42(0603 - duplicate)
Add component. Clean all parameters for all variants
Add component (AddParameter): Name = "LatestRevisionDate"; Value = "17-Jul-2002"; VariantName = "[No Variations]"
Add component (AddParameter): Name = "LatestRevisionNote"; Value = "Re-released for DXP Platform."; VariantName = "[No Variations]"
Add component (AddParameter): Name = "PackageDescription"; Value = "Radial Cap, Thru-Hole; 2 Leads; 0.3 in Pin Spacing"; VariantName = "[No Variations]"
Add component (AddParameter): Name = "PackageReference"; Value = "RAD-0.3"; VariantName = "[No Variations]"
Add component (AddParameter): Name = "Published"; Value = "8-Jun-2000"; VariantName = "[No Variations]"
Add component (AddParameter): Name = "Publisher"; Value = "Altium Limited"; VariantName = "[No Variations]"
Add component (AddParameter): Name = "Value"; Value = "1uF"; VariantName = "[No Variations]"
Added Component: Designator=C43(0603 - duplicate)
Add component. Clean all parameters for all variants
Add component (AddParameter): Name = "LatestRevisionDate"; Value = "17-Jul-2002"; VariantName = "[No Variations]"
Add component (AddParameter): Name = "LatestRevisionNote"; Value = "Re-released for DXP Platform."; VariantName = "[No Variations]"
Add component (AddParameter): Name = "PackageDescription"; Value = "Radial Cap, Thru-Hole; 2 Leads; 0.3 in Pin Spacing"; VariantName = "[No Variations]"
Add component (AddParameter): Name = "PackageReference"; Value = "RAD-0.3"; VariantName = "[No Variations]"
Add component (AddParameter): Name = "Published"; Value = "8-Jun-2000"; VariantName = "[No Variations]"
Add component (AddParameter): Name = "Publisher"; Value = "Altium Limited"; VariantName = "[No Variations]"
Add component (AddParameter): Name = "Value"; Value = "1uF"; VariantName = "[No Variations]"
Added Pin To Net: NetName=CELL1_SENSE- Pin=C42-1
Added Pin To Net: NetName=NetC57_2 Pin=C42-2
Added Pin To Net: NetName=CELL2_SENSE- Pin=C43-1
Added Pin To Net: NetName=NetC57_2 Pin=C43-2
Added Pin To Net: NetName=CELL1_SENSE- Pin=C88-1
Added Pin To Net: NetName=CELL1_SENSE- Pin=C95-1
Added Pin To Net: NetName=CELL1_SENSE- Pin=C96-1
Added Pin To Net: NetName=CELL1_SENSE- Pin=R61-1
Added Pin To Net: NetName=GND Pin=R61-2
Added Pin To Net: NetName=GND Pin=R69-2
Added Pin To Net: NetName=SEL_CAM12 Pin=U3-28
Added Pin To Net: NetName=SEL_CAM34 Pin=U3-29
Added Pin To Net: NetName=CELL1_SENSE- Pin=U19-4
Added Pin To Net: NetName=CELL1_SENSE- Pin=U19-8
Change Net Name : Old Net Name=NetC57_2 New Net Name=NetC42_2
Added Pin To Net: NetName=NetC108_2 Pin=C108-2
Added Pin To Net: NetName=NetC108_2 Pin=C109-2
Added Pin To Net: NetName=NetC108_2 Pin=U18-6
Added Net: Name=NetC108_2
Added Member To Class: ClassName=Sensors Member=Component C42 Cap
Added Member To Class: ClassName=Sensors Member=Component C43 Cap
